# JRE version: Java(TM) 2 Runtime Environment, Standard Edition (8.0_121-b13) (build 1.8.0_121-b13 14_Feb_2017_06_58 Mac OS X x64(SR4 FP1))
# Java VM: Java HotSpot(TM) 64-Bit Server VM (25.121-b13 mixed mode bsd-amd64 compressed oops)
Heap:
 PSYoungGen      total 139264K, used 51181K [0x00000007a0000000, 0x00000007a9380000, 0x00000007c0000000)
  eden space 133120K, 33% used [0x00000007a0000000,0x00000007a2bfcd38,0x00000007a8200000)
  from space 6144K, 99% used [0x00000007a8200000,0x00000007a87fe988,0x00000007a8800000)
  to   space 8192K, 0% used [0x00000007a8b80000,0x00000007a8b80000,0x00000007a9380000)
 ParOldGen       total 98304K, used 90695K [0x0000000760000000, 0x0000000766000000, 0x00000007a0000000)
  object space 98304K, 92% used [0x0000000760000000,0x0000000765891e38,0x0000000766000000)
 Metaspace       used 53414K, capacity 54032K, committed 54960K, reserved 1095680K
  class space    used 7560K, capacity 7706K, committed 7856K, reserved 1048576K
GC Heap History (10 events):
Event: 4408.015 GC heap before
{Heap before GC invocations=160 (full 7):
 PSYoungGen      total 135680K, used 134158K [0x00000007a0000000, 0x00000007a8b00000, 0x00000007c0000000)
  eden space 129536K, 100% used [0x00000007a0000000,0x00000007a7e80000,0x00000007a7e80000)
  from space 6144K, 75% used [0x00000007a8480000,0x00000007a8903948,0x00000007a8a80000)
  to   space 6144K, 0% used [0x00000007a7e80000,0x00000007a7e80000,0x00000007a8480000)
 ParOldGen       total 98304K, used 86398K [0x0000000760000000, 0x0000000766000000, 0x00000007a0000000)
  object space 98304K, 87% used [0x0000000760000000,0x000000076545fae8,0x0000000766000000)
 Metaspace       used 53329K, capacity 53968K, committed 54960K, reserved 1095680K
  class space    used 7559K, capacity 7706K, committed 7856K, reserved 1048576K
Event: 4408.019 GC heap after
Heap after GC invocations=160 (full 7):
 PSYoungGen      total 135680K, used 4376K [0x00000007a0000000, 0x00000007a8c80000, 0x00000007c0000000)
  eden space 129536K, 0% used [0x00000007a0000000,0x00000007a0000000,0x00000007a7e80000)
  from space 6144K, 71% used [0x00000007a7e80000,0x00000007a82c63f0,0x00000007a8480000)
  to   space 6144K, 0% used [0x00000007a8680000,0x00000007a8680000,0x00000007a8c80000)
 ParOldGen       total 98304K, used 86695K [0x0000000760000000, 0x0000000766000000, 0x00000007a0000000)
  object space 98304K, 88% used [0x0000000760000000,0x00000007654a9c20,0x0000000766000000)
 Metaspace       used 53329K, capacity 53968K, committed 54960K, reserved 1095680K
  class space    used 7559K, capacity 7706K, committed 7856K, reserved 1048576K
}
Event: 4412.559 GC heap before
{Heap before GC invocations=161 (full 7):
 PSYoungGen      total 135680K, used 133912K [0x00000007a0000000, 0x00000007a8c80000, 0x00000007c0000000)
  eden space 129536K, 100% used [0x00000007a0000000,0x00000007a7e80000,0x00000007a7e80000)
  from space 6144K, 71% used [0x00000007a7e80000,0x00000007a82c63f0,0x00000007a8480000)
  to   space 6144K, 0% used [0x00000007a8680000,0x00000007a8680000,0x00000007a8c80000)
 ParOldGen       total 98304K, used 86695K [0x0000000760000000, 0x0000000766000000, 0x00000007a0000000)
  object space 98304K, 88% used [0x0000000760000000,0x00000007654a9c20,0x0000000766000000)
 Metaspace       used 53356K, capacity 53968K, committed 54960K, reserved 1095680K
  class space    used 7559K, capacity 7706K, committed 7856K, reserved 1048576K
Event: 4412.563 GC heap after
Heap after GC invocations=161 (full 7):
 PSYoungGen      total 137728K, used 4639K [0x00000007a0000000, 0x00000007a8c80000, 0x00000007c0000000)
  eden space 131584K, 0% used [0x00000007a0000000,0x00000007a0000000,0x00000007a8080000)
  from space 6144K, 75% used [0x00000007a8680000,0x00000007a8b07c60,0x00000007a8c80000)
  to   space 6144K, 0% used [0x00000007a8080000,0x00000007a8080000,0x00000007a8680000)
 ParOldGen       total 98304K, used 86695K [0x0000000760000000, 0x0000000766000000, 0x00000007a0000000)
  object space 98304K, 88% used [0x0000000760000000,0x00000007654a9c20,0x0000000766000000)
 Metaspace       used 53356K, capacity 53968K, committed 54960K, reserved 1095680K
  class space    used 7559K, capacity 7706K, committed 7856K, reserved 1048576K
}
Event: 4413.685 GC heap before
{Heap before GC invocations=162 (full 7):
 PSYoungGen      total 137728K, used 136223K [0x00000007a0000000, 0x00000007a8c80000, 0x00000007c0000000)
  eden space 131584K, 100% used [0x00000007a0000000,0x00000007a8080000,0x00000007a8080000)
  from space 6144K, 75% used [0x00000007a8680000,0x00000007a8b07c60,0x00000007a8c80000)
  to   space 6144K, 0% used [0x00000007a8080000,0x00000007a8080000,0x00000007a8680000)
 ParOldGen       total 98304K, used 86695K [0x0000000760000000, 0x0000000766000000, 0x00000007a0000000)
  object space 98304K, 88% used [0x0000000760000000,0x00000007654a9c20,0x0000000766000000)
 Metaspace       used 53358K, capacity 53968K, committed 54960K, reserved 1095680K
  class space    used 7559K, capacity 7706K, committed 7856K, reserved 1048576K
Event: 4413.690 GC heap after
Heap after GC invocations=162 (full 7):
 PSYoungGen      total 137728K, used 4607K [0x00000007a0000000, 0x00000007a8e80000, 0x00000007c0000000)
  eden space 131584K, 0% used [0x00000007a0000000,0x00000007a0000000,0x00000007a8080000)
  from space 6144K, 74% used [0x00000007a8080000,0x00000007a84ffc60,0x00000007a8680000)
  to   space 6144K, 0% used [0x00000007a8880000,0x00000007a8880000,0x00000007a8e80000)
 ParOldGen       total 98304K, used 86703K [0x0000000760000000, 0x0000000766000000, 0x00000007a0000000)
  object space 98304K, 88% used [0x0000000760000000,0x00000007654abc20,0x0000000766000000)
 Metaspace       used 53358K, capacity 53968K, committed 54960K, reserved 1095680K
  class space    used 7559K, capacity 7706K, committed 7856K, reserved 1048576K
}
Event: 4459.955 GC heap before
{Heap before GC invocations=163 (full 7):
 PSYoungGen      total 137728K, used 136191K [0x00000007a0000000, 0x00000007a8e80000, 0x00000007c0000000)
  eden space 131584K, 100% used [0x00000007a0000000,0x00000007a8080000,0x00000007a8080000)
  from space 6144K, 74% used [0x00000007a8080000,0x00000007a84ffc60,0x00000007a8680000)
  to   space 6144K, 0% used [0x00000007a8880000,0x00000007a8880000,0x00000007a8e80000)
 ParOldGen       total 98304K, used 86703K [0x0000000760000000, 0x0000000766000000, 0x00000007a0000000)
  object space 98304K, 88% used [0x0000000760000000,0x00000007654abc20,0x0000000766000000)
 Metaspace       used 53363K, capacity 54032K, committed 54960K, reserved 1095680K
  class space    used 7560K, capacity 7706K, committed 7856K, reserved 1048576K
Event: 4459.960 GC heap after
Heap after GC invocations=163 (full 7):
 PSYoungGen      total 138752K, used 4119K [0x00000007a0000000, 0x00000007a8e00000, 0x00000007c0000000)
  eden space 133120K, 0% used [0x00000007a0000000,0x00000007a0000000,0x00000007a8200000)
  from space 5632K, 73% used [0x00000007a8880000,0x00000007a8c85ee0,0x00000007a8e00000)
  to   space 6144K, 0% used [0x00000007a8200000,0x00000007a8200000,0x00000007a8800000)
 ParOldGen       total 98304K, used 86941K [0x0000000760000000, 0x0000000766000000, 0x00000007a0000000)
  object space 98304K, 88% used [0x0000000760000000,0x00000007654e76a0,0x0000000766000000)
 Metaspace       used 53363K, capacity 54032K, committed 54960K, reserved 1095680K
  class space    used 7560K, capacity 7706K, committed 7856K, reserved 1048576K
}
Event: 4515.910 GC heap before
{Heap before GC invocations=164 (full 7):
 PSYoungGen      total 138752K, used 137239K [0x00000007a0000000, 0x00000007a8e00000, 0x00000007c0000000)
  eden space 133120K, 100% used [0x00000007a0000000,0x00000007a8200000,0x00000007a8200000)
  from space 5632K, 73% used [0x00000007a8880000,0x00000007a8c85ee0,0x00000007a8e00000)
  to   space 6144K, 0% used [0x00000007a8200000,0x00000007a8200000,0x00000007a8800000)
 ParOldGen       total 98304K, used 86941K [0x0000000760000000, 0x0000000766000000, 0x00000007a0000000)
  object space 98304K, 88% used [0x0000000760000000,0x00000007654e76a0,0x0000000766000000)
 Metaspace       used 53376K, capacity 54032K, committed 54960K, reserved 1095680K
  class space    used 7560K, capacity 7706K, committed 7856K, reserved 1048576K
Event: 4515.921 GC heap after
Heap after GC invocations=164 (full 7):
 PSYoungGen      total 139264K, used 6138K [0x00000007a0000000, 0x00000007a9380000, 0x00000007c0000000)
  eden space 133120K, 0% used [0x00000007a0000000,0x00000007a0000000,0x00000007a8200000)
  from space 6144K, 99% used [0x00000007a8200000,0x00000007a87fe988,0x00000007a8800000)
  to   space 8192K, 0% used [0x00000007a8b80000,0x00000007a8b80000,0x00000007a9380000)
 ParOldGen       total 98304K, used 90695K [0x0000000760000000, 0x0000000766000000, 0x00000007a0000000)
  object space 98304K, 92% used [0x0000000760000000,0x0000000765891e38,0x0000000766000000)
 Metaspace       used 53376K, capacity 54032K, committed 54960K, reserved 1095680K
  class space    used 7560K, capacity 7706K, committed 7856K, reserved 1048576K
}

